Connected to =[A:1:878841859:13454]:0
hostname: Valve CS:GO EU North Server (srcds006.188.17)
version : 1.37.1.9 secure
os      :  Linux
type    :  official dedicated
map     : dz_sirocco
players : 17 humans, 0 bots (16/17 max) (not hibernating)

# userid name uniqueid connected ping loss state rate
#  3 2 "skuf" STEAM_1:1:18815181 01:16 64 0 active 393216
#  4 3 "ReVaL" STEAM_1:1:13249040 01:16 48 0 active 196608
#  5 4 "mixi" STEAM_1:0:438814132 01:16 58 0 active 196608
#  6 5 "ｓａｄ ｂｏｙ [MusicON]" STEAM_1:0:75776969 01:16 98 0 active 102400
#  7 6 "Crystal" STEAM_1:1:18800968 01:16 77 0 active 786432
#  8 7 "Frazeay" STEAM_1:0:56815986 01:16 46 0 active 196608
#  9 8 "SnAiL" STEAM_1:0:25296091 01:16 41 0 active 196608
# 10 9 "xblo0di" STEAM_1:0:46934201 01:16 65 0 active 196608
# 11 10 "fuffen" STEAM_1:0:17361153 01:16 84 0 active 196608
# 12 11 "ДобрыйВечерỌᶄ" STEAM_1:1:461628677 01:16 79 0 active 786432
# 13 12 "Alekon" STEAM_1:1:116649883 01:16 65 0 active 196608
# 14 13 "♥Клубничка♥" STEAM_1:1:189735354 01:16 50 0 active 196608
# 15 14 "ｓａｄ ｂｏｙ" STEAM_1:1:213801993 01:16 124 0 active 196608
# 16 15 "CAMAZOCA" STEAM_1:1:6167154 01:16 53 0 active 196608
# 17 16 "BoB" STEAM_1:0:167038658 01:16 71 0 active 196608
# 18 17 "DREEMYッ" STEAM_1:0:65189592 01:16 71 0 active 786432
# 19 18 "SLA1M" STEAM_1:0:488331399 01:16 88 0 active 786432
#end

# userid name uniqueid connected ping loss state rate
#  3 2 "skuf" STEAM_1:1:18815181 01:16 64 0 active 393216
#  4 3 "ReVaL" STEAM_1:1:13249040 01:16 48 0 active 196608
#  5 4 "mixi" STEAM_1:0:438814132 01:16 58 0 active 196608
#  6 5 "ｓａｄ ｂｏｙ [MusicON]" STEAM_1:0:75776969 01:16 98 0 active 102400
#  7 6 "Crystal" STEAM_1:1:18800968 01:16 77 0 active 786432
#  8 7 "Frazeay" STEAM_1:0:56815986 01:16 46 0 active 196608
#  9 8 "SnAiL" STEAM_1:0:25296091 01:16 41 0 active 196608
# 10 9 "xblo0di" STEAM_1:0:46934201 01:16 65 0 active 196608
# 11 10 "fuffen" STEAM_1:0:17361153 01:16 84 0 active 196608
# 12 11 "ДобрыйВечерỌᶄ" STEAM_1:1:461628677 01:16 79 0 active 786432
# 13 12 "Alekon" STEAM_1:1:116649883 01:16 65 0 active 196608
# 14 13 "♥Клубничка♥" STEAM_1:1:189735354 01:16 50 0 active 196608
# 15 14 "ｓａｄ ｂｏｙ" STEAM_1:1:213801993 01:16 124 0 active 196608
# 16 15 "CAMAZOCA" STEAM_1:1:6167154 01:16 53 0 active 196608
# 17 16 "BoB" STEAM_1:0:167038658 01:16 71 0 active 196608
# 18 17 "DREEMYッ" STEAM_1:0:65189592 01:16 71 0 active 786432
# 19 18 "SLA1M" STEAM_1:0:488331399 01:16 88 0 active 786432
#end

# 19 18 "SLA1M" STEAM_1:0:488331399 01:16 88 0 active 786432

# userid name uniqueid connected ping loss state rate
#  3 2 "skuf" STEAM_1:1:18815181 01:16 64 0 active 393216
#  4 3 "ReVaL" STEAM_1:1:13249040 01:16 48 0 active 196608
#  5 4 "mixi" STEAM_1:0:438814132 01:16 58 0 active 196608
#  6 5 "ｓａｄ ｂｏｙ [MusicON]" STEAM_1:0:75776969 01:16 98 0 active 102400
#  7 6 "Crystal" STEAM_1:1:18800968 01:16 77 0 active 786432
#  8 7 "Frazeay" STEAM_1:0:56815986 01:16 46 0 active 196608
#  9 8 "SnAiL" STEAM_1:0:25296091 01:16 41 0 active 196608
# 10 9 "xblo0di" STEAM_1:0:46934201 01:16 65 0 active 196608
# 11 10 "fuffen" STEAM_1:0:17361153 01:16 84 0 active 196608
# 12 11 "ДобрыйВечерỌᶄ" STEAM_1:1:461628677 01:16 79 0 active 786432
# 13 12 "Alekon" STEAM_1:1:116649883 01:16 65 0 active 196608
# 14 13 "♥Клубничка♥" STEAM_1:1:189735354 01:16 50 0 active 196608
# 15 14 "ｓａｄ ｂｏｙ" STEAM_1:1:213801993 01:16 124 0 active 196608
# 16 15 "CAMAZOCA" STEAM_1:1:6167154 01:16 53 0 active 196608
# 17 16 "BoB" STEAM_1:0:167038658 01:16 71 0 active 196608
# 18 17 "DREEMYッ" STEAM_1:0:65189592 01:16 71 0 active 786432
# 19 18 "SLA1M" STEAM_1:0:488331399 01:16 88 0 active 786432
#end
# 17 16 "BoB" STEAM_1:0:167038658 01:16 71 0 active 196608
# 18 17 "DREEMYッ" STEAM_1:0:65189592 01:16 71 0 active 786432
# 19 18 "SLA1M" STEAM_1:0:488331399 01:16 88 0 active 786432
#end
# userid name uniqueid connected ping loss state rate
#  3 2 "skuf" STEAM_1:1:18815181 01:16 64 0 active 393216
#  4 3 "ReVaL" STEAM_1:1:13249040 01:16 48 0 active 196608
#  5 4 "mixi" STEAM_1:0:438814132 01:16 58 0 active 196608
#  6 5 "ｓａｄ ｂｏｙ [MusicON]" STEAM_1:0:75776969 01:16 98 0 active 102400
#  7 6 "Crystal" STEAM_1:1:18800968 01:16 77 0 active 786432
#  8 7 "Frazeay" STEAM_1:0:56815986 01:16 46 0 active 196608
#  9 8 "SnAiL" STEAM_1:0:25296091 01:16 41 0 active 196608
# 10 9 "xblo0di" STEAM_1:0:46934201 01:16 65 0 active 196608
# 11 10 "fuffen" STEAM_1:0:17361153 01:16 84 0 active 196608
# 12 11 "ДобрыйВечерỌᶄ" STEAM_1:1:461628677 01:16 79 0 active 786432
# 13 12 "Alekon" STEAM_1:1:116649883 01:16 65 0 active 196608
# 14 13 "♥Клубничка♥" STEAM_1:1:189735354 01:16 50 0 active 196608
# 15 14 "ｓａｄ ｂｏｙ" STEAM_1:1:213801993 01:16 124 0 active 196608
# 16 15 "CAMAZOCA" STEAM_1:1:6167154 01:16 53 0 active 196608
# 17 16 "BoB" STEAM_1:0:167038658 01:16 71 0 active 196608
# 18 17 "DREEMYッ" STEAM_1:0:65189592 01:16 71 0 active 786432
# 19 18 "SLA1M" STEAM_1:0:488331399 01:16 88 0 active 786432
#end
# userid name uniqueid connected ping loss state rate
#  3 2 "skuf" STEAM_1:1:18815181 01:16 64 0 active 393216
#  4 3 "ReVaL" STEAM_1:1:13249040 01:16 48 0 active 196608
#  5 4 "mixi" STEAM_1:0:438814132 01:16 58 0 active 196608
#  6 5 "ｓａｄ ｂｏｙ [MusicON]" STEAM_1:0:75776969 01:16 98 0 active 102400
#  7 6 "Crystal" STEAM_1:1:18800968 01:16 77 0 active 786432
#  8 7 "Frazeay" STEAM_1:0:56815986 01:16 46 0 active 196608
#  9 8 "SnAiL" STEAM_1:0:25296091 01:16 41 0 active 196608
# 10 9 "xblo0di" STEAM_1:0:46934201 01:16 65 0 active 196608
# 11 10 "fuffen" STEAM_1:0:17361153 01:16 84 0 active 196608
# 12 11 "ДобрыйВечерỌᶄ" STEAM_1:1:461628677 01:16 79 0 active 786432
# 13 12 "Alekon" STEAM_1:1:116649883 01:16 65 0 active 196608
# 14 13 "♥Клубничка♥" STEAM_1:1:189735354 01:16 50 0 active 196608
# 15 14 "ｓａｄ ｂｏｙ" STEAM_1:1:213801993 01:16 124 0 active 196608
# 16 15 "CAMAZOCA" STEAM_1:1:6167154 01:16 53 0 active 196608
# 17 16 "BoB" STEAM_1:0:167038658 01:16 71 0 active 196608
# 18 17 "DREEMYッ" STEAM_1:0:65189592 01:16 71 0 active 786432
# 19 18 "SLA1M" STEAM_1:0:488331399 01:16 88 0 active 786432
#end

# 13 12 "Alekon" STEAM_1:1:116649883 01:16 65 0 active 196608
# 14 13 "♥Клубничка♥" STEAM_1:1:189735354 01:16 50 0 active 196608
# 15 14 "ｓａｄ ｂｏｙ" STEAM_1:1:213801993 01:16 124 0 active 196608
# 16 15 "CAMAZOCA" STEAM_1:1:6167154 01:16 53 0 active 196608
# 17 16 "BoB" STEAM_1:0:167038658 01:16 71 0 active 196608
# 18 17 "DREEMYッ" STEAM_1:0:65189592 01:16 71 0 active 786432
# 19 18 "SLA1M" STEAM_1:0:488331399 01:16 88 0 active 786432
"STEAM_0:1:45195587",
"STEAM_0:1:191470918",
"STEAM_0:0:512022864",
#  3 2 "skuf" STEAM_1:1:18815181 01:16 64 0 active 393216
#  4 3 "ReVaL" STEAM_1:1:13249040 01:16 48 0 active 196608
#  5 4 "mixi" STEAM_1:0:438814132 01:16 58 0 active 196608
#  6 5 "ｓａｄ ｂｏｙ [MusicON]" STEAM_1:0:75776969 01:16 98 0 active 102400
#end

# 13 12 "Alekon" STEAM_1:1:116649883 01:16 65 0 active 196608
# 14 13 "♥Клубничка♥" STEAM_1:1:189735354 01:16 50 0 active 196608
# 15 14 "ｓａｄ ｂｏｙ" STEAM_1:1:213801993 01:16 124 0 active 196608
# 16 15 "CAMAZOCA" STEAM_1:1:6167154 01:16 53 0 active 196608
# 17 16 "BoB" STEAM_1:0:167038658 01:16 71 0 active 196608
# 18 17 "DREEMYッ" STEAM_1:0:65189592 01:16 71 0 active 786432
# 19 18 "SLA1M" STEAM_1:0:488331399 01:16 88 0 active 786432
"STEAM_0:1:45195587",
"STEAM_0:1:191470918",
"STEAM_0:0:512022864",
#  3 2 "skuf" STEAM_1:1:18815181 01:16 64 0 active 393216
#  4 3 "ReVaL" STEAM_1:1:13249040 01:16 48 0 active 196608
#  5 4 "mixi" STEAM_1:0:438814132 01:16 58 0 active 196608
#  6 5 "ｓａｄ ｂｏｙ [MusicON]" STEAM_1:0:75776969 01:16 98 0 active 102400
#end

# 13 12 "Alekon" STEAM_1:1:116649883 01:16 65 0 active 196608
# 14 13 "♥Клубничка♥" STEAM_1:1:189735354 01:16 50 0 active 196608
# 15 14 "ｓａｄ ｂｏｙ" STEAM_1:1:213801993 01:16 124 0 active 196608
# 16 15 "CAMAZOCA" STEAM_1:1:6167154 01:16 53 0 active 196608
# 17 16 "BoB" STEAM_1:0:167038658 01:16 71 0 active 196608
# 18 17 "DREEMYッ" STEAM_1:0:65189592 01:16 71 0 active 786432
# 19 18 "SLA1M" STEAM_1:0:488331399 01:16 88 0 active 786432
"STEAM_0:1:45195587",
"STEAM_0:1:191470918",
"STEAM_0:0:512022864",
#  3 2 "skuf" STEAM_1:1:18815181 01:16 64 0 active 393216
#  4 3 "ReVaL" STEAM_1:1:13249040 01:16 48 0 active 196608
#  5 4 "mixi" STEAM_1:0:438814132 01:16 58 0 active 196608
#  6 5 "ｓａｄ ｂｏｙ [MusicON]" STEAM_1:0:75776969 01:16 98 0 active 102400
#end
